<?xml version="1.0" encoding="UTF-8"?>
<!-- Generated by org.testng.reporters.JUnitXMLReporter -->
<testsuite ignored="0" hostname="DESKTOP-29G24GH" failures="1" tests="3" name="Test" time="24.916" errors="0" timestamp="2022-08-07T22:38:39 IST">
  <testcase classname="tests.LoginTest" name="verifybuttontext" time="0.051">
    <failure type="java.lang.AssertionError" message="The following asserts failed:
	expected [LOGIN] but found [],
	expected [false] but found [true]">
      <![CDATA[java.lang.AssertionError: The following asserts failed:
expected [LOGIN] but found [],
expected [false] but found [true]
at tests.LoginTest.verifybuttontext(LoginTest.java:30)
at java.base/java.util.ArrayList.forEach(ArrayList.java:1511)
... Removed 29 stack frames]]>
    </failure>
  </testcase> <!-- verifybuttontext -->
  <testcase classname="tests.LoginTest" name="login" time="18.544"/>
  <testcase classname="tests.LoginTest" name="Logoutfun" time="5.45"/>
</testsuite> <!-- Test -->
